./helpers.py:24:80: E501 line too long (80 > 79 characters)
./helpers.py:27:80: E501 line too long (82 > 79 characters)
./helpers.py:37:80: E501 line too long (80 > 79 characters)
./main.py:20:80: E501 line too long (94 > 79 characters)
./main.py:21:80: E501 line too long (88 > 79 characters)
./main.py:22:80: E501 line too long (94 > 79 characters)
./main.py:23:80: E501 line too long (86 > 79 characters)
./main.py:33:80: E501 line too long (80 > 79 characters)
./main.py:34:80: E501 line too long (80 > 79 characters)
./main.py:57:80: E501 line too long (85 > 79 characters)
./main.py:73:80: E501 line too long (97 > 79 characters)
./main.py:82:80: E501 line too long (85 > 79 characters)
./main.py:96:80: E501 line too long (100 > 79 characters)
./main.py:98:80: E501 line too long (92 > 79 characters)
./main.py:101:80: E501 line too long (95 > 79 characters)
./main.py:103:80: E501 line too long (87 > 79 characters)
./main.py:107:80: E501 line too long (80 > 79 characters)
./main.py:110:80: E501 line too long (97 > 79 characters)
./main.py:111:80: E501 line too long (86 > 79 characters)
./main.py:113:80: E501 line too long (80 > 79 characters)
./main.py:116:80: E501 line too long (89 > 79 characters)
./main.py:119:80: E501 line too long (90 > 79 characters)
./main.py:122:80: E501 line too long (89 > 79 characters)
./main.py:123:80: E501 line too long (94 > 79 characters)
./main.py:125:80: E501 line too long (89 > 79 characters)
./main.py:126:80: E501 line too long (87 > 79 characters)
./main.py:128:80: E501 line too long (87 > 79 characters)
./main.py:129:80: E501 line too long (98 > 79 characters)
./main.py:132:80: E501 line too long (87 > 79 characters)
./main.py:133:80: E501 line too long (98 > 79 characters)
./main.py:136:80: E501 line too long (89 > 79 characters)
./main.py:137:80: E501 line too long (82 > 79 characters)
./main.py:139:80: E501 line too long (89 > 79 characters)
./main.py:140:80: E501 line too long (83 > 79 characters)
./main.py:141:80: E501 line too long (92 > 79 characters)
./main.py:142:80: E501 line too long (88 > 79 characters)
./main.py:144:80: E501 line too long (97 > 79 characters)
./main.py:145:80: E501 line too long (88 > 79 characters)
./main.py:152:80: E501 line too long (82 > 79 characters)
./main.py:155:80: E501 line too long (84 > 79 characters)
./main.py:156:80: E501 line too long (98 > 79 characters)
./main.py:158:80: E501 line too long (97 > 79 characters)
./main.py:165:80: E501 line too long (80 > 79 characters)
./main.py:173:80: E501 line too long (90 > 79 characters)
./main.py:176:80: E501 line too long (91 > 79 characters)
./main.py:190:80: E501 line too long (89 > 79 characters)
./main.py:206:80: E501 line too long (80 > 79 characters)
./main.py:209:80: E501 line too long (90 > 79 characters)
./main.py:210:80: E501 line too long (88 > 79 characters)
./main.py:212:80: E501 line too long (84 > 79 characters)
./main.py:234:80: E501 line too long (97 > 79 characters)
./main.py:240:80: E501 line too long (83 > 79 characters)
./main.py:242:80: E501 line too long (80 > 79 characters)
./main.py:253:80: E501 line too long (91 > 79 characters)
./main.py:256:80: E501 line too long (84 > 79 characters)
./main.py:258:80: E501 line too long (94 > 79 characters)
./main.py:261:80: E501 line too long (90 > 79 characters)
./main.py:262:80: E501 line too long (89 > 79 characters)
./main.py:279:80: E501 line too long (83 > 79 characters)
./main.py:329:80: E501 line too long (80 > 79 characters)
./main.py:338:80: E501 line too long (86 > 79 characters)
./main.py:342:80: E501 line too long (80 > 79 characters)
./main.py:365:80: E501 line too long (86 > 79 characters)
./main.py:367:80: E501 line too long (99 > 79 characters)
./main.py:368:80: E501 line too long (85 > 79 characters)
./main.py:371:80: E501 line too long (100 > 79 characters)
./main.py:374:80: E501 line too long (92 > 79 characters)
./main.py:385:80: E501 line too long (82 > 79 characters)
./main.py:386:1: W293 blank line contains whitespace
./main.py:393:80: E501 line too long (94 > 79 characters)
./tests/__init__.py:1:80: E501 line too long (80 > 79 characters)
./tests/test_data_files.py:1:80: E501 line too long (82 > 79 characters)
./tests/test_data_files.py:38:80: E501 line too long (80 > 79 characters)
./tests/test_data_files.py:39:80: E501 line too long (80 > 79 characters)
./tests/test_data_files.py:50:80: E501 line too long (98 > 79 characters)
./tests/test_data_files.py:58:80: E501 line too long (100 > 79 characters)
./tests/test_database.py:1:80: E501 line too long (82 > 79 characters)
./tests/test_database.py:3:80: E501 line too long (80 > 79 characters)
./tests/test_database.py:39:80: E501 line too long (86 > 79 characters)
./tests/test_database.py:43:80: E501 line too long (86 > 79 characters)
./tests/test_database.py:49:80: E501 line too long (82 > 79 characters)
./tests/test_database.py:54:80: E501 line too long (88 > 79 characters)
./tests/test_limit.py:37:80: E501 line too long (80 > 79 characters)
./tests/test_limit.py:42:80: E501 line too long (82 > 79 characters)
./tests/test_limit.py:45:80: E501 line too long (80 > 79 characters)
./tests/test_limit.py:46:80: E501 line too long (80 > 79 characters)
./tests/test_limit.py:47:80: E501 line too long (81 > 79 characters)
./tests/test_limit.py:49:80: E501 line too long (80 > 79 characters)
./tests/test_limit.py:50:80: E501 line too long (83 > 79 characters)
./tests/test_python_version.py:5:80: E501 line too long (80 > 79 characters)
./tests/test_python_version.py:9:80: E501 line too long (80 > 79 characters)
./tests/test_python_version.py:17:80: E501 line too long (82 > 79 characters)
./tests/test_python_version.py:36:80: E501 line too long (80 > 79 characters)
./tests/test_python_version.py:37:80: E501 line too long (80 > 79 characters)
./tests/test_query.py:3:80: E501 line too long (80 > 79 characters)
./tests/test_query.py:45:80: E501 line too long (99 > 79 characters)
./tests/test_query.py:62:80: E501 line too long (99 > 79 characters)
./tests/test_query.py:75:80: E501 line too long (99 > 79 characters)
./tests/test_query.py:88:80: E501 line too long (99 > 79 characters)
./tests/test_query.py:102:80: E501 line too long (99 > 79 characters)
./tests/test_query.py:112:80: E501 line too long (99 > 79 characters)
./tests/test_query.py:125:80: E501 line too long (85 > 79 characters)
./tests/test_query.py:127:80: E501 line too long (99 > 79 characters)
./tests/test_query.py:141:80: E501 line too long (99 > 79 characters)
./tests/test_query.py:155:80: E501 line too long (99 > 79 characters)
./tests/test_query.py:167:80: E501 line too long (86 > 79 characters)
./tests/test_query.py:170:80: E501 line too long (99 > 79 characters)
./tests/test_query.py:178:80: E501 line too long (86 > 79 characters)
./tests/test_query.py:181:80: E501 line too long (99 > 79 characters)
./tests/test_query.py:195:80: E501 line too long (99 > 79 characters)
./tests/test_query.py:209:80: E501 line too long (99 > 79 characters)
./tests/test_query.py:221:80: E501 line too long (86 > 79 characters)
./tests/test_query.py:224:80: E501 line too long (99 > 79 characters)
./tests/test_query.py:232:80: E501 line too long (86 > 79 characters)
./tests/test_query.py:235:80: E501 line too long (99 > 79 characters)
./tests/test_query.py:249:80: E501 line too long (99 > 79 characters)
./tests/test_query.py:263:80: E501 line too long (99 > 79 characters)
./tests/test_query.py:275:80: E501 line too long (86 > 79 characters)
./tests/test_query.py:278:80: E501 line too long (99 > 79 characters)
./tests/test_query.py:286:80: E501 line too long (86 > 79 characters)
./tests/test_query.py:289:80: E501 line too long (99 > 79 characters)
./tests/test_query.py:301:80: E501 line too long (99 > 79 characters)
./tests/test_query.py:313:80: E501 line too long (99 > 79 characters)
./tests/test_query.py:332:80: E501 line too long (99 > 79 characters)
./tests/test_query.py:347:80: E501 line too long (99 > 79 characters)
./tests/test_query.py:349:80: E501 line too long (80 > 79 characters)
./tests/test_query.py:367:80: E501 line too long (99 > 79 characters)
./tests/test_query.py:369:80: E501 line too long (83 > 79 characters)
./tests/test_query.py:390:80: E501 line too long (99 > 79 characters)
./tests/test_query.py:414:80: E501 line too long (99 > 79 characters)
./tests/test_query.py:416:80: E501 line too long (97 > 79 characters)
./tests/test_query.py:441:80: E501 line too long (99 > 79 characters)
./tests/test_query.py:443:80: E501 line too long (89 > 79 characters)
./tests/test_query.py:469:80: E501 line too long (99 > 79 characters)
./tests/test_query.py:471:80: E501 line too long (93 > 79 characters)
./tests/test_query.py:499:80: E501 line too long (99 > 79 characters)
./tests/test_query.py:501:80: E501 line too long (97 > 79 characters)
./tests/test_query.py:529:80: E501 line too long (99 > 79 characters)
./tests/test_write.py:79:80: E501 line too long (86 > 79 characters)
./tests/test_write.py:81:80: E501 line too long (95 > 79 characters)
./tests/test_write.py:96:80: E501 line too long (96 > 79 characters)
./tests/test_write.py:103:80: E501 line too long (80 > 79 characters)
./tests/test_write.py:106:5: E303 too many blank lines (2)
./tests/test_write.py:115:80: E501 line too long (96 > 79 characters)
./tests/test_write.py:128:80: E501 line too long (96 > 79 characters)
./tests/test_write.py:130:80: E501 line too long (132 > 79 characters)
./tests/test_write.py:146:80: E501 line too long (86 > 79 characters)
./tests/test_write.py:148:80: E501 line too long (95 > 79 characters)
./tests/test_write.py:150:80: E501 line too long (83 > 79 characters)
./tests/test_write.py:160:80: E501 line too long (99 > 79 characters)
./tests/test_write.py:167:80: E501 line too long (99 > 79 characters)
./tests/test_write.py:175:80: E501 line too long (99 > 79 characters)
./tests/test_write.py:183:80: E501 line too long (99 > 79 characters)
./tests/test_write.py:193:80: E501 line too long (99 > 79 characters)
./tests/test_write.py:211:80: E501 line too long (99 > 79 characters)
./tests/test_write.py:215:80: E501 line too long (82 > 79 characters)
./tests/test_write.py:217:80: E501 line too long (82 > 79 characters)
